<?xml version="1.0" encoding="UTF-8"?>
<!-- Generated by org.testng.reporters.JUnitReportReporter -->
<testsuite hostname="Sumana_PC" failures="0" tests="1" name="com.java_selenium.com.java_selenium.BaseTest" time="11.519" errors="0" timestamp="2024-12-14T21:10:07 IST" skipped="0">
  <testcase classname="com.java_selenium.com.java_selenium.BaseTest" name="openBrowser" time="11.519"/>
</testsuite> <!-- com.java_selenium.com.java_selenium.BaseTest -->
